#
# There is insufficient memory for the Java Runtime Environment to continue.
# Native memory allocation (malloc) failed to allocate 32744 bytes for ChunkPool::allocate
# Possible reasons:
#   The system is out of physical RAM or swap space
#   In 32 bit mode, the process size limit was hit
# Possible solutions:
#   Reduce memory load on the system
#   Increase physical memory or swap space
#   Check if swap backing store is full
#   Use 64 bit Java on a 64 bit OS
#   Decrease Java heap size (-Xmx/-Xms)
#   Decrease number of Java threads
#   Decrease Java thread stack sizes (-Xss)
#   Set larger code cache with -XX:ReservedCodeCacheSize=
# This output file may be truncated or incomplete.
#
#  Out of Memory Error (allocation.cpp:273), pid=3988, tid=0x0000000000000808
#
# JRE version: Java(TM) SE Runtime Environment (8.0_111-b14) (build 1.8.0_111-b14)
# Java VM: Java HotSpot(TM) 64-Bit Server VM (25.111-b14 mixed mode windows-amd64 compressed oops)
# Failed to write core dump. Minidumps are not enabled by default on client versions of Windows
#

---------------  T H R E A D  ---------------

Current thread (0x00000000169d8000):  JavaThread "C1 CompilerThread2" daemon [_thread_in_native, id=2056, stack(0x00000000171c0000,0x00000000172c0000)]

Stack: [0x00000000171c0000,0x00000000172c0000]
[error occurred during error reporting (printing stack bounds), id 0xc0000005]

Native frames: (J=compiled Java code, j=interpreted, Vv=VM code, C=native code)


Current CompileTask:
C1:   5360 1723       1      
[error occurred during error reporting (printing current compile task), id 0xe0000001]


---------------  P R O C E S S  ---------------

Java Threads: ( => current thread )
  0x0000000017d27000 JavaThread "RMI Scheduler(0)" daemon [_thread_blocked, id=7704, stack(0x0000000019eb0000,0x0000000019fb0000)]
  0x0000000018cf0800 JavaThread "RMI TCP Connection(1)-192.168.56.1" daemon [_thread_in_native, id=7316, stack(0x0000000019d40000,0x0000000019e40000)]
  0x0000000017672000 JavaThread "RMI TCP Accept-0" daemon [_thread_in_native, id=7768, stack(0x00000000181a0000,0x00000000182a0000)]
  0x0000000016a2d800 JavaThread "Service Thread" daemon [_thread_blocked, id=6376, stack(0x0000000017430000,0x0000000017530000)]
=>0x00000000169d8000 JavaThread "C1 CompilerThread2" daemon [_thread_in_native, id=2056, stack(0x00000000171c0000,0x00000000172c0000)]
  0x00000000169c4800 JavaThread "C2 CompilerThread1" daemon [_thread_blocked, id=1908, stack(0x0000000017090000,0x0000000017190000)]
  0x00000000169c2800 JavaThread "C2 CompilerThread0" daemon [_thread_blocked, id=7268, stack(0x0000000016f30000,0x0000000017030000)]
  0x000000001699d000 JavaThread "Monitor Ctrl-Break" daemon [_thread_in_native, id=7940, stack(0x0000000016d30000,0x0000000016e30000)]
  0x0000000016675800 JavaThread "Attach Listener" daemon [_thread_blocked, id=7656, stack(0x00000000162c0000,0x00000000163c0000)]
  0x0000000015208800 JavaThread "Signal Dispatcher" daemon [_thread_blocked, id=7388, stack(0x0000000016b20000,0x0000000016c20000)]
  0x00000000151ee000 JavaThread "Finalizer" daemon [_thread_blocked, id=844, stack(0x0000000016570000,0x0000000016670000)]
  0x00000000151a7000 JavaThread "Reference Handler" daemon [_thread_blocked, id=6940, stack(0x00000000163d0000,0x00000000164d0000)]
  0x00000000020dc000 JavaThread "main" [_thread_in_vm, id=7652, stack(0x0000000002490000,0x0000000002590000)]

Other Threads:
  0x000000001519f000 VMThread [stack: 0x0000000016110000,0x0000000016210000] [id=7668]
  0x0000000017684000 WatcherThread [stack: 0x0000000017300000,0x0000000017400000] [id=5360]

VM state:not at safepoint (normal execution)

VM Mutex/Monitor currently owned by a thread: None

Heap:
 PSYoungGen      total 120832K, used 50881K [0x00000000eaf00000, 0x00000000f3800000, 0x0000000100000000)
  eden space 119808K, 42% used [0x00000000eaf00000,0x00000000ee0b07b8,0x00000000f2400000)
  from space 1024K, 0% used [0x00000000f3700000,0x00000000f3700000,0x00000000f3800000)
  to   space 8704K, 0% used [0x00000000f2700000,0x00000000f2700000,0x00000000f2f80000)
 ParOldGen       total 33280K, used 5935K [0x00000000c0c00000, 0x00000000c2c80000, 0x00000000eaf00000)
  object space 33280K, 17% used [0x00000000c0c00000,0x00000000c11cbe20,0x00000000c2c80000)
 Metaspace       used 22168K, capacity 22838K, committed 22912K, reserved 1071104K
  class space    used 2960K, capacity 3149K, committed 3200K, reserved 1048576K

Card table byte_map: [0x0000000011c20000,0x0000000011e20000] byte_map_base: 0x000000001161a000

Marking Bits: (ParMarkBitMap*) 0x00000000655ea6c0
 Begin Bits: [0x0000000012670000, 0x0000000013640000)
 End Bits:   [0x0000000013640000, 0x0000000014610000)

Polling page: 0x0000000001c70000

CodeCache: size=245760Kb used=3878Kb max_used=3878Kb free=241881Kb
 bounds [0x0000000002860000, 0x0000000002c30000, 0x0000000011860000]
 total_blobs=2122 nmethods=1722 adapters=312
 compilation: enabled

Compilation events (10 events):
Event: 5.324 Thread 0x00000000169d8000 nmethod 1718 0x0000000002c259d0 code [0x0000000002c25c20, 0x0000000002c26288]
Event: 5.324 Thread 0x00000000169d8000 1719       1       java.util.EnumSet::of (51 bytes)
Event: 5.324 Thread 0x00000000169d8000 nmethod 1719 0x0000000002c26a50 code [0x0000000002c26be0, 0x0000000002c26df8]
Event: 5.326 Thread 0x00000000169d8000 1720   !   1       java.net.URL::getURLStreamHandler (313 bytes)
Event: 5.329 Thread 0x00000000169d8000 nmethod 1720 0x0000000002c26fd0 code [0x0000000002c27300, 0x0000000002c28358]
Event: 5.329 Thread 0x00000000169d8000 1721       1       java.net.URL::openConnection (9 bytes)
Event: 5.329 Thread 0x00000000169d8000 nmethod 1721 0x0000000002c294d0 code [0x0000000002c29620, 0x0000000002c29768]
Event: 5.329 Thread 0x00000000169d8000 1722       1       java.net.URLConnection::<init> (44 bytes)
Event: 5.330 Thread 0x00000000169d8000 nmethod 1722 0x0000000002c297d0 code [0x0000000002c29920, 0x0000000002c29a70]
Event: 5.331 Thread 0x00000000169d8000 1723       1       org.springframework.asm.ClassReader::readCode (5085 bytes)

GC Heap History (10 events):
Event: 3.551 GC heap before
{Heap before GC invocations=4 (full 0):
 PSYoungGen      total 35328K, used 35290K [0x00000000eaf00000, 0x00000000ef400000, 0x0000000100000000)
  eden space 32768K, 99% used [0x00000000eaf00000,0x00000000ecefddb8,0x00000000ecf00000)
  from space 2560K, 98% used [0x00000000ecf00000,0x00000000ed178b18,0x00000000ed180000)
  to   space 2560K, 0% used [0x00000000ef180000,0x00000000ef180000,0x00000000ef400000)
 ParOldGen       total 44032K, used 3466K [0x00000000c0c00000, 0x00000000c3700000, 0x00000000eaf00000)
  object space 44032K, 7% used [0x00000000c0c00000,0x00000000c0f62948,0x00000000c3700000)
 Metaspace       used 15509K, capacity 15906K, committed 16128K, reserved 1062912K
  class space    used 2100K, capacity 2233K, committed 2304K, reserved 1048576K
Event: 3.570 GC heap after
Heap after GC invocations=4 (full 0):
 PSYoungGen      total 68096K, used 2546K [0x00000000eaf00000, 0x00000000ef400000, 0x0000000100000000)
  eden space 65536K, 0% used [0x00000000eaf00000,0x00000000eaf00000,0x00000000eef00000)
  from space 2560K, 99% used [0x00000000ef180000,0x00000000ef3fcb08,0x00000000ef400000)
  to   space 2560K, 0% used [0x00000000eef00000,0x00000000eef00000,0x00000000ef180000)
 ParOldGen       total 44032K, used 5764K [0x00000000c0c00000, 0x00000000c3700000, 0x00000000eaf00000)
  object space 44032K, 13% used [0x00000000c0c00000,0x00000000c11a1248,0x00000000c3700000)
 Metaspace       used 15509K, capacity 15906K, committed 16128K, reserved 1062912K
  class space    used 2100K, capacity 2233K, committed 2304K, reserved 1048576K
}
Event: 4.477 GC heap before
{Heap before GC invocations=5 (full 0):
 PSYoungGen      total 68096K, used 54357K [0x00000000eaf00000, 0x00000000ef400000, 0x0000000100000000)
  eden space 65536K, 79% used [0x00000000eaf00000,0x00000000ee1989e8,0x00000000eef00000)
  from space 2560K, 99% used [0x00000000ef180000,0x00000000ef3fcb08,0x00000000ef400000)
  to   space 2560K, 0% used [0x00000000eef00000,0x00000000eef00000,0x00000000ef180000)
 ParOldGen       total 44032K, used 5764K [0x00000000c0c00000, 0x00000000c3700000, 0x00000000eaf00000)
  object space 44032K, 13% used [0x00000000c0c00000,0x00000000c11a1248,0x00000000c3700000)
 Metaspace       used 20473K, capacity 21068K, committed 21248K, reserved 1067008K
  class space    used 2749K, capacity 2948K, committed 3072K, reserved 1048576K
Event: 4.833 GC heap after
Heap after GC invocations=5 (full 0):
 PSYoungGen      total 68096K, used 2544K [0x00000000eaf00000, 0x00000000f3f00000, 0x0000000100000000)
  eden space 65536K, 0% used [0x00000000eaf00000,0x00000000eaf00000,0x00000000eef00000)
  from space 2560K, 99% used [0x00000000eef00000,0x00000000ef17c030,0x00000000ef180000)
  to   space 8192K, 0% used [0x00000000f3700000,0x00000000f3700000,0x00000000f3f00000)
 ParOldGen       total 44032K, used 10566K [0x00000000c0c00000, 0x00000000c3700000, 0x00000000eaf00000)
  object space 44032K, 23% used [0x00000000c0c00000,0x00000000c1651920,0x00000000c3700000)
 Metaspace       used 20473K, capacity 21068K, committed 21248K, reserved 1067008K
  class space    used 2749K, capacity 2948K, committed 3072K, reserved 1048576K
}
Event: 4.833 GC heap before
{Heap before GC invocations=6 (full 1):
 PSYoungGen      total 68096K, used 2544K [0x00000000eaf00000, 0x00000000f3f00000, 0x0000000100000000)
  eden space 65536K, 0% used [0x00000000eaf00000,0x00000000eaf00000,0x00000000eef00000)
  from space 2560K, 99% used [0x00000000eef00000,0x00000000ef17c030,0x00000000ef180000)
  to   space 8192K, 0% used [0x00000000f3700000,0x00000000f3700000,0x00000000f3f00000)
 ParOldGen       total 44032K, used 10566K [0x00000000c0c00000, 0x00000000c3700000, 0x00000000eaf00000)
  object space 44032K, 23% used [0x00000000c0c00000,0x00000000c1651920,0x00000000c3700000)
 Metaspace       used 20473K, capacity 21068K, committed 21248K, reserved 1067008K
  class space    used 2749K, capacity 2948K, committed 3072K, reserved 1048576K
Event: 4.913 GC heap after
Heap after GC invocations=6 (full 1):
 PSYoungGen      total 68096K, used 0K [0x00000000eaf00000, 0x00000000f3f00000, 0x0000000100000000)
  eden space 65536K, 0% used [0x00000000eaf00000,0x00000000eaf00000,0x00000000eef00000)
  from space 2560K, 0% used [0x00000000eef00000,0x00000000eef00000,0x00000000ef180000)
  to   space 8192K, 0% used [0x00000000f3700000,0x00000000f3700000,0x00000000f3f00000)
 ParOldGen       total 33280K, used 8584K [0x00000000c0c00000, 0x00000000c2c80000, 0x00000000eaf00000)
  object space 33280K, 25% used [0x00000000c0c00000,0x00000000c14620b8,0x00000000c2c80000)
 Metaspace       used 20473K, capacity 21068K, committed 21248K, reserved 1067008K
  class space    used 2749K, capacity 2948K, committed 3072K, reserved 1048576K
}
Event: 4.984 GC heap before
{Heap before GC invocations=7 (full 1):
 PSYoungGen      total 68096K, used 7699K [0x00000000eaf00000, 0x00000000f3f00000, 0x0000000100000000)
  eden space 65536K, 11% used [0x00000000eaf00000,0x00000000eb684c60,0x00000000eef00000)
  from space 2560K, 0% used [0x00000000eef00000,0x00000000eef00000,0x00000000ef180000)
  to   space 8192K, 0% used [0x00000000f3700000,0x00000000f3700000,0x00000000f3f00000)
 ParOldGen       total 33280K, used 8584K [0x00000000c0c00000, 0x00000000c2c80000, 0x00000000eaf00000)
  object space 33280K, 25% used [0x00000000c0c00000,0x00000000c14620b8,0x00000000c2c80000)
 Metaspace       used 21333K, capacity 21896K, committed 22016K, reserved 1073152K
  class space    used 2861K, capacity 3050K, committed 3072K, reserved 1048576K
Event: 4.987 GC heap after
Heap after GC invocations=7 (full 1):
 PSYoungGen      total 120832K, used 884K [0x00000000eaf00000, 0x00000000f3800000, 0x0000000100000000)
  eden space 119808K, 0% used [0x00000000eaf00000,0x00000000eaf00000,0x00000000f2400000)
  from space 1024K, 86% used [0x00000000f3700000,0x00000000f37dd388,0x00000000f3800000)
  to   space 8704K, 0% used [0x00000000f2700000,0x00000000f2700000,0x00000000f2f80000)
 ParOldGen       total 33280K, used 8648K [0x00000000c0c00000, 0x00000000c2c80000, 0x00000000eaf00000)
  object space 33280K, 25% used [0x00000000c0c00000,0x00000000c14720c8,0x00000000c2c80000)
 Metaspace       used 21333K, capacity 21896K, committed 22016K, reserved 1073152K
  class space    used 2861K, capacity 3050K, committed 3072K, reserved 1048576K
}
Event: 4.987 GC heap before
{Heap before GC invocations=8 (full 2):
 PSYoungGen      total 120832K, used 884K [0x00000000eaf00000, 0x00000000f3800000, 0x0000000100000000)
  eden space 119808K, 0% used [0x00000000eaf00000,0x00000000eaf00000,0x00000000f2400000)
  from space 1024K, 86% used [0x00000000f3700000,0x00000000f37dd388,0x00000000f3800000)
  to   space 8704K, 0% used [0x00000000f2700000,0x00000000f2700000,0x00000000f2f80000)
 ParOldGen       total 33280K, used 8648K [0x00000000c0c00000, 0x00000000c2c80000, 0x00000000eaf00000)
  object space 33280K, 25% used [0x00000000c0c00000,0x00000000c14720c8,0x00000000c2c80000)
 Metaspace       used 21333K, capacity 21896K, committed 22016K, reserved 1073152K
  class space    used 2861K, capacity 3050K, committed 3072K, reserved 1048576K
Event: 5.024 GC heap after
Heap after GC invocations=8 (full 2):
 PSYoungGen      total 120832K, used 0K [0x00000000eaf00000, 0x00000000f3800000, 0x0000000100000000)
  eden space 119808K, 0% used [0x00000000eaf00000,0x00000000eaf00000,0x00000000f2400000)
  from space 1024K, 0% used [0x00000000f3700000,0x00000000f3700000,0x00000000f3800000)
  to   space 8704K, 0% used [0x00000000f2700000,0x00000000f2700000,0x00000000f2f80000)
 ParOldGen       total 33280K, used 5935K [0x00000000c0c00000, 0x00000000c2c80000, 0x00000000eaf00000)
  object space 33280K, 17% used [0x00000000c0c00000,0x00000000c11cbe20,0x00000000c2c80000)
 Metaspace       used 21333K, capacity 21896K, committed 22016K, reserved 1071104K
  class space    used 2861K, capacity 3050K, committed 3072K, reserved 1048576K
}

Deoptimization events (0 events):
No events

Internal exceptions (10 events):
Event: 4.215 Thread 0x00000000020dc000 Exception <a 'java/lang/ClassNotFoundException': org/springframework/context/ResourceLoaderAwareCustomizer> (0x00000000ecf151d8) thrown at [C:\re\workspace\8-2-build-windows-amd64-cygwin\jdk8u111\7883\hotspot\src\share\vm\classfile\systemDictionary.cpp, l
Event: 4.217 Thread 0x00000000020dc000 Exception <a 'java/lang/ClassNotFoundException': org/springframework/beans/factory/AwareCustomizer> (0x00000000ecf2ac48) thrown at [C:\re\workspace\8-2-build-windows-amd64-cygwin\jdk8u111\7883\hotspot\src\share\vm\classfile\systemDictionary.cpp, line 210]
Event: 4.220 Thread 0x00000000020dc000 Exception <a 'java/lang/ClassNotFoundException': org/springframework/beans/factory/BeanClassLoaderAwareCustomizer> (0x00000000ecf437d8) thrown at [C:\re\workspace\8-2-build-windows-amd64-cygwin\jdk8u111\7883\hotspot\src\share\vm\classfile\systemDictionary
Event: 4.221 Thread 0x00000000020dc000 Exception <a 'java/lang/ClassNotFoundException': org/springframework/beans/factory/AwareCustomizer> (0x00000000ecf59260) thrown at [C:\re\workspace\8-2-build-windows-amd64-cygwin\jdk8u111\7883\hotspot\src\share\vm\classfile\systemDictionary.cpp, line 210]
Event: 4.228 Thread 0x00000000020dc000 Exception <a 'java/lang/ClassNotFoundException': org/springframework/context/EnvironmentAwareCustomizer> (0x00000000ecf6f0c0) thrown at [C:\re\workspace\8-2-build-windows-amd64-cygwin\jdk8u111\7883\hotspot\src\share\vm\classfile\systemDictionary.cpp, line
Event: 4.230 Thread 0x00000000020dc000 Exception <a 'java/lang/ClassNotFoundException': org/springframework/beans/factory/AwareCustomizer> (0x00000000ecf84a28) thrown at [C:\re\workspace\8-2-build-windows-amd64-cygwin\jdk8u111\7883\hotspot\src\share\vm\classfile\systemDictionary.cpp, line 210]
Event: 4.285 Thread 0x00000000020dc000 Exception <a 'java/lang/NoSuchMethodError': java.lang.Object.lambda$comparing$77a9974f$1(Ljava/util/function/Function;Ljava/lang/Object;Ljava/lang/Object;)I> (0x00000000ed4e1a10) thrown at [C:\re\workspace\8-2-build-windows-amd64-cygwin\jdk8u111\7883\hots
Event: 4.337 Thread 0x000000001788f000 Exception <a 'java/lang/IncompatibleClassChangeError': Found class java.lang.Object, but interface was expected> (0x00000000ed920a28) thrown at [C:\re\workspace\8-2-build-windows-amd64-cygwin\jdk8u111\7883\hotspot\src\share\vm\interpreter\linkResolver.cpp
Event: 4.933 Thread 0x0000000018cf0800 Exception <a 'java/lang/reflect/InvocationTargetException'> (0x00000000eaf099c8) thrown at [C:\re\workspace\8-2-build-windows-amd64-cygwin\jdk8u111\7883\hotspot\src\share\vm\runtime\reflection.cpp, line 1092]
Event: 5.273 Thread 0x00000000020dc000 Exception <a 'java/lang/IncompatibleClassChangeError': Found class java.lang.Object, but interface was expected> (0x00000000ed813d30) thrown at [C:\re\workspace\8-2-build-windows-amd64-cygwin\jdk8u111\7883\hotspot\src\share\vm\interpreter\linkResolver.cpp

Events (10 events):
Event: 5.350 loading class org/springframework/boot/web/servlet/ServletRegistrationBean
Event: 5.350 loading class org/springframework/boot/web/servlet/ServletRegistrationBean done
Event: 5.351 loading class org/springframework/boot/web/servlet/DynamicRegistrationBean
Event: 5.351 loading class org/springframework/boot/web/servlet/DynamicRegistrationBean done
Event: 5.351 loading class org/springframework/boot/web/servlet/RegistrationBean
Event: 5.351 loading class org/springframework/boot/web/servlet/RegistrationBean done
Event: 5.352 loading class org/springframework/boot/web/servlet/ServletContextInitializer
Event: 5.352 loading class org/springframework/boot/web/servlet/ServletContextInitializer done
Event: 5.353 loading class org/springframework/boot/autoconfigure/web/servlet/DispatcherServletAutoConfiguration$DefaultDispatcherServletCondition
Event: 5.353 loading class org/springframework/boot/autoconfigure/web/servlet/DispatcherServletAutoConfiguration$DefaultDispatcherServletCondition done


Dynamic libraries:
0x000000013fa20000 - 0x000000013fa57000 	C:\Program Files\Java\jdk1.8.0_111\bin\java.exe
0x0000000077920000 - 0x0000000077ac9000 	C:\Windows\SYSTEM32\ntdll.dll
0x000007feeae90000 - 0x000007feeaea4000 	C:\Program Files\AVG\Antivirus\aswhook.dll
0x0000000077800000 - 0x000000007791f000 	C:\Windows\system32\kernel32.dll
0x000007fefda00000 - 0x000007fefda6b000 	C:\Windows\system32\KERNELBASE.dll
0x000007fefdd70000 - 0x000007fefde4b000 	C:\Windows\system32\ADVAPI32.dll
0x000007feffa10000 - 0x000007feffaaf000 	C:\Windows\system32\msvcrt.dll
0x000007fefe150000 - 0x000007fefe16f000 	C:\Windows\SYSTEM32\sechost.dll
0x000007fefdc40000 - 0x000007fefdd6d000 	C:\Windows\system32\RPCRT4.dll
0x0000000077700000 - 0x00000000777fa000 	C:\Windows\system32\USER32.dll
0x000007feff760000 - 0x000007feff7c7000 	C:\Windows\system32\GDI32.dll
0x000007fefe210000 - 0x000007fefe21e000 	C:\Windows\system32\LPK.dll
0x000007fefdfe0000 - 0x000007fefe0a9000 	C:\Windows\system32\USP10.dll
0x000007fefbf60000 - 0x000007fefc154000 	C:\Windows\WinSxS\amd64_microsoft.windows.common-controls_6595b64144ccf1df_6.0.7601.17514_none_fa396087175ac9ac\COMCTL32.dll
0x000007fefe220000 - 0x000007fefe291000 	C:\Windows\system32\SHLWAPI.dll
0x000007feff9e0000 - 0x000007feffa0e000 	C:\Windows\system32\IMM32.DLL
0x000007feffad0000 - 0x000007feffbd9000 	C:\Windows\system32\MSCTF.dll
0x0000000065670000 - 0x0000000065742000 	C:\Program Files\Java\jdk1.8.0_111\jre\bin\msvcr100.dll
0x0000000064dd0000 - 0x000000006566a000 	C:\Program Files\Java\jdk1.8.0_111\jre\bin\server\jvm.dll
0x000007fefa650000 - 0x000007fefa659000 	C:\Windows\system32\WSOCK32.dll
0x000007feffbe0000 - 0x000007feffc2d000 	C:\Windows\system32\WS2_32.dll
0x000007fefde50000 - 0x000007fefde58000 	C:\Windows\system32\NSI.dll
0x000007fefc450000 - 0x000007fefc48b000 	C:\Windows\system32\WINMM.dll
0x000007fefc9b0000 - 0x000007fefc9bc000 	C:\Windows\system32\VERSION.dll
0x0000000077af0000 - 0x0000000077af7000 	C:\Windows\system32\PSAPI.DLL
0x0000000074c50000 - 0x0000000074c5f000 	C:\Program Files\Java\jdk1.8.0_111\jre\bin\verify.dll
0x000000006f530000 - 0x000000006f559000 	C:\Program Files\Java\jdk1.8.0_111\jre\bin\java.dll
0x00000000752a0000 - 0x00000000752c3000 	C:\Program Files\Java\jdk1.8.0_111\jre\bin\instrument.dll
0x0000000072d30000 - 0x0000000072d46000 	C:\Program Files\Java\jdk1.8.0_111\jre\bin\zip.dll
0x000007fefe9d0000 - 0x000007feff758000 	C:\Windows\system32\SHELL32.dll
0x000007fefe760000 - 0x000007fefe963000 	C:\Windows\system32\ole32.dll
0x000007fefd870000 - 0x000007fefd87f000 	C:\Windows\system32\profapi.dll
0x000007fed1930000 - 0x000007fed194a000 	C:\Program Files\JetBrains\IntelliJ IDEA 2019.1.3\bin\breakgen64.dll
0x0000000072cb0000 - 0x0000000072cca000 	C:\Program Files\Java\jdk1.8.0_111\jre\bin\net.dll
0x000007fefd0a0000 - 0x000007fefd0f5000 	C:\Windows\system32\mswsock.dll
0x000007fefd090000 - 0x000007fefd097000 	C:\Windows\System32\wship6.dll
0x000007fefcaa0000 - 0x000007fefcaa7000 	C:\Windows\System32\wshtcpip.dll
0x000007fefcf20000 - 0x000007fefcf7b000 	C:\Windows\system32\DNSAPI.dll
0x000007fefaf30000 - 0x000007fefaf57000 	C:\Windows\system32\IPHLPAPI.DLL
0x000007fefaf20000 - 0x000007fefaf2b000 	C:\Windows\system32\WINNSI.DLL
0x000007fef3a30000 - 0x000007fef3a38000 	C:\Windows\system32\rasadhlp.dll
0x000007fefac30000 - 0x000007fefac83000 	C:\Windows\System32\fwpuclnt.dll
0x0000000075620000 - 0x000000007562d000 	C:\Program Files\Java\jdk1.8.0_111\jre\bin\management.dll
0x000000006f600000 - 0x000000006f611000 	C:\Program Files\Java\jdk1.8.0_111\jre\bin\nio.dll
0x000007fefd100000 - 0x000007fefd117000 	C:\Windows\system32\CRYPTSP.dll
0x000007fefce00000 - 0x000007fefce47000 	C:\Windows\system32\rsaenh.dll
0x000007fefcbc0000 - 0x000007fefcbde000 	C:\Windows\system32\USERENV.dll
0x000007fefd760000 - 0x000007fefd76f000 	C:\Windows\system32\CRYPTBASE.dll
0x000007fefabb0000 - 0x000007fefabc8000 	C:\Windows\system32\dhcpcsvc.DLL
0x000007fefab90000 - 0x000007fefaba1000 	C:\Windows\system32\dhcpcsvc6.DLL
0x000007fefb780000 - 0x000007fefb795000 	C:\Windows\system32\NLAapi.dll
0x000007fef3a40000 - 0x000007fef3a55000 	C:\Windows\system32\napinsp.dll
0x000007fef3a60000 - 0x000007fef3a79000 	C:\Windows\system32\pnrpnsp.dll
0x000007fef3a20000 - 0x000007fef3a2b000 	C:\Windows\System32\winrnr.dll
0x000007fef3a10000 - 0x000007fef3a20000 	C:\Windows\system32\wshbth.dll

VM Arguments:
jvm_args: -XX:TieredStopAtLevel=1 -Xverify:none -Dspring.output.ansi.enabled=always -Dcom.sun.management.jmxremote -Dspring.jmx.enabled=true -Dspring.liveBeansView.mbeanDomain -Dspring.application.admin.enabled=true -javaagent:C:\Program Files\JetBrains\IntelliJ IDEA 2019.1.3\lib\idea_rt.jar=50261:C:\Program Files\JetBrains\IntelliJ IDEA 2019.1.3\bin -Dfile.encoding=UTF-8 
java_command: com.codegym.web_service.WebServiceApplication
java_class_path (initial): C:\Program Files\Java\jdk1.8.0_111\jre\lib\charsets.jar;C:\Program Files\Java\jdk1.8.0_111\jre\lib\deploy.jar;C:\Program Files\Java\jdk1.8.0_111\jre\lib\ext\access-bridge-64.jar;C:\Program Files\Java\jdk1.8.0_111\jre\lib\ext\cldrdata.jar;C:\Program Files\Java\jdk1.8.0_111\jre\lib\ext\dnsns.jar;C:\Program Files\Java\jdk1.8.0_111\jre\lib\ext\jaccess.jar;C:\Program Files\Java\jdk1.8.0_111\jre\lib\ext\jfxrt.jar;C:\Program Files\Java\jdk1.8.0_111\jre\lib\ext\localedata.jar;C:\Program Files\Java\jdk1.8.0_111\jre\lib\ext\nashorn.jar;C:\Program Files\Java\jdk1.8.0_111\jre\lib\ext\sunec.jar;C:\Program Files\Java\jdk1.8.0_111\jre\lib\ext\sunjce_provider.jar;C:\Program Files\Java\jdk1.8.0_111\jre\lib\ext\sunmscapi.jar;C:\Program Files\Java\jdk1.8.0_111\jre\lib\ext\sunpkcs11.jar;C:\Program Files\Java\jdk1.8.0_111\jre\lib\ext\zipfs.jar;C:\Program Files\Java\jdk1.8.0_111\jre\lib\javaws.jar;C:\Program Files\Java\jdk1.8.0_111\jre\lib\jce.jar;C:\Program Files\Java\jdk1.8.0_111\jre\lib\jfr.jar;C:\Program Files\Java\jdk1.8.0_111\jre\lib\jfxswt.jar;C:\Program Files\Java\jdk1.8.0_111\jre\lib\jsse.jar;C:\Program Files\Java\jdk1.8.0_111\jre\lib\management-agent.jar;C:\Program Files\Java\jdk1.8.0_111\jre\lib\plugin.jar;C:\Program Files\Java\jdk1.8.0_111\jre\lib\resources.jar;C:\Program Files\Java\jdk1.8.0_111\jre\lib\rt.jar;E:\java\module4\web_service\target\classes;E:\java\module4\dao\target\classes;E:\java\module4\service\target\classes;C:\Users\Admin\.m2\repository\org\springframework\boot\spring-boot-starter-data-jpa\2.1.9.RELEASE\spring-boot-starter-data-jpa-2.1.9.RELEASE.jar;C:\Users\Admin\.m2\repository\org\springframework\boot\spring-boot-starter-aop\2.1.9.RELEASE\spring-boot-starter-aop-2.1.9.RELEASE.jar;C:\Users\Admin\.m2\repository\org\springframework\spring-aop\5.1.10.RELEASE\spring-aop-5.1.10.RELEASE.jar;C:\Users\Admin\.m2\repository\org\aspectj\aspectjweaver\1.9.4\aspectjweaver-1.9.4.jar;C:\Users\Admin\.m2\repository\org\springframework\boot\sprin
Launcher Type: SUN_STANDARD

Environment Variables:
JAVA_HOME=C:\Program Files\Java\jdk1.8.0_111
JRE_HOME=C:\Program Files\Java\jre1.8.0_111
PATH=C:\ProgramData\Oracle\Java\javapath;C:\Windows\system32;C:\Windows;C:\Windows\System32\Wbem;C:\Windows\System32\WindowsPowerShell\v1.0\;C:\Program Files (x86)\ATI Technologies\ATI.ACE\Core-Static;C:\Program Files (x86)\HP\IdrsOCR_15.2.10.1114\;C:\Program Files\Microsoft VS Code\bin;C:\Program Files\Git\cmd;C:\Program Files\Java\jre1.8.0_111;C:\Program Files\Java\jdk1.8.0_111;C:\Program Files\nodejs\;C:\Program Files\Microsoft VS Code\bin;C:\Users\Admin\AppData\Local\GitHubDesktop\bin;C:\Users\Admin\AppData\Roaming\npm
USERNAME=Admin
OS=Windows_NT
PROCESSOR_IDENTIFIER=Intel64 Family 6 Model 42 Stepping 7, GenuineIntel



---------------  S Y S T E M  ---------------

OS: Windows 7 , 64 bit Build 7601 (6.1.7601.17514)

CPU:total 4 (2 cores per cpu, 2 threads per core) family 6 model 42 stepping 7, cmov, cx8, fxsr, mmx, sse, sse2, sse3, ssse3, sse4.1, sse4.2, popcnt, avx, aes, clmul, ht, tsc, tscinvbit

Memory: 4k page, physical 4143468k(79492k free), swap 6238776k(5084k free)

vm_info: Java HotSpot(TM) 64-Bit Server VM (25.111-b14) for windows-amd64 JRE (1.8.0_111-b14), built on Sep 22 2016 19:24:05 by "java_re" with MS VC++ 10.0 (VS2010)

time: Thu Oct 17 18:12:50 2019
elapsed time: 5 seconds (0d 0h 0m 5s)

